<?xml version="1.0" encoding="UTF-8"?>
<!-- Generated by org.testng.reporters.JUnitXMLReporter -->
<testsuite ignored="0" hostname="LAPTOP-ETH1QVF1" failures="2" tests="2" name="OpenCartTest" time="0.677" errors="0" timestamp="2025-05-21T13:14:03 IST">
  <testcase classname="testCases.TC_001_AccountRegistrationTest" name="test_account_Registration" time="0.016">
    <failure type="java.lang.NullPointerException" message="Cannot invoke &amp;quot;org.apache.logging.log4j.Logger.info(String)&amp;quot; because &amp;quot;this.logger&amp;quot; is null">
      <![CDATA[java.lang.NullPointerException: Cannot invoke "org.apache.logging.log4j.Logger.info(String)" because "this.logger" is null
at testCases.TC_001_AccountRegistrationTest.test_account_Registration(TC_001_AccountRegistrationTest.java:14)
at java.base/java.util.ArrayList.forEach(ArrayList.java:1511)
... Removed 27 stack frames]]>
    </failure>
  </testcase> <!-- test_account_Registration -->
  <testcase classname="testCases.TC_001_AccountRegistrationTest" name="test_account_Registration" time="0.081">
    <failure type="java.lang.NullPointerException" message="Cannot invoke &amp;quot;org.openqa.selenium.TakesScreenshot.getScreenshotAs(org.openqa.selenium.OutputType)&amp;quot; because &amp;quot;takesScreenshot&amp;quot; is null">
      <![CDATA[java.lang.NullPointerException: Cannot invoke "org.openqa.selenium.TakesScreenshot.getScreenshotAs(org.openqa.selenium.OutputType)" because "takesScreenshot" is null
at testBase.BaseClass.captureScreen(BaseClass.java:209)
at utilities.ExtentReportManager.onTestFailure(ExtentReportManager.java:88)
at java.base/java.util.ArrayList.forEach(ArrayList.java:1511)
... Removed 24 stack frames]]>
    </failure>
  </testcase> <!-- test_account_Registration -->
</testsuite> <!-- OpenCartTest -->
