<?xml version="1.0" encoding="UTF-8"?>
<testng-results ignored="1" total="1" passed="0" failed="0" skipped="0">
  <reporter-output>
  </reporter-output>
  <suite started-at="2023-12-22T12:32:47 IST" name="OpencartSuite" finished-at="2023-12-22T12:32:47 IST" duration-ms="469">
    <groups>
    </groups>
    <test started-at="2023-12-22T12:32:47 IST" name="OpenCartTest" finished-at="2023-12-22T12:32:47 IST" duration-ms="469">
    </test> <!-- OpenCartTest -->
  </suite> <!-- OpencartSuite -->
</testng-results>
